<?xml version="1.0" encoding="UTF-8"?>
<!-- Generated by org.testng.reporters.JUnitReportReporter -->
<testsuite skipped="0" hostname="DESKTOP-59LOS9O" name="org.green.PojoProject" tests="2" failures="0" timestamp="29 Jun 2022 02:58:23 GMT" time="9.887" errors="0">
  <testcase name="submit_test_cs_2" time="8.640" classname="org.green.PojoProject"/>
  <testcase name="execqution_test_cs_1" time="1.247" classname="org.green.PojoProject"/>
</testsuite> <!-- org.green.PojoProject -->
