<?xml version="1.0" encoding="UTF-8"?>
<!-- Generated by org.testng.reporters.JUnitReportReporter -->
<testsuite skipped="0" hostname="DESKTOP-59LOS9O" name="org.testng.TscBasic" tests="4" failures="0" timestamp="29 Jun 2022 02:22:04 GMT" time="0.016" errors="0">
  <testcase name="testCase3" time="0.000" classname="org.testng.TscBasic"/>
  <testcase name="testCase" time="0.016" classname="org.testng.TscBasic"/>
  <testcase name="testCase1" time="0.000" classname="org.testng.TscBasic"/>
  <testcase name="testCase2" time="0.000" classname="org.testng.TscBasic"/>
</testsuite> <!-- org.testng.TscBasic -->
